[?25lBuilding sites … [?25h[K
                   | EN  
+------------------+----+
  Pages            | 59  
  Paginator pages  |  4  
  Non-page files   |  0  
  Static files     |  8  
  Processed images |  0  
  Aliases          |  3  
  Sitemaps         |  1  
  Cleaned          |  0  

Total in 1066 ms
building file list ... done
404.html
index.html
index.xml
sitemap.xml
about/index.html
categories/index.html
categories/index.xml
categories/page/1/index.html
contact/index.html
episodes/index.html
episodes/index.xml
episodes/0/index.html
episodes/1/index.html
episodes/10/index.html
episodes/11/index.html
episodes/12/index.html
episodes/13/index.html
episodes/14/index.html
episodes/15/index.html
episodes/16/index.html
episodes/17/index.html
episodes/18/index.html
episodes/19/index.html
episodes/2/index.html
episodes/20/index.html
episodes/21/index.html
episodes/22/index.html
episodes/23/index.html
episodes/24/index.html
episodes/25/index.html
episodes/26/index.html
episodes/27/index.html
episodes/28/index.html
episodes/29/index.html
episodes/3/index.html
episodes/30/index.html
episodes/31/index.html
episodes/32/index.html
episodes/33/index.html
episodes/34/index.html
episodes/35/index.html
episodes/36/index.html
episodes/37/index.html
episodes/38/index.html
episodes/39/index.html
episodes/4/index.html
episodes/40/index.html
episodes/41/index.html
episodes/42/index.html
episodes/43/index.html
episodes/44/index.html
episodes/5/index.html
episodes/6/index.html
episodes/7/index.html
episodes/8/index.html
episodes/9/index.html
episodes/chapter1/index.html
episodes/page/1/index.html
episodes/page/2/index.html
episodes/page/3/index.html
episodes/page/4/index.html
episodes/page/5/index.html
privacy/index.html
tags/index.html
tags/index.xml
tags/page/1/index.html
terms/index.html

sent 5354 bytes  received 15312 bytes  1968.19 bytes/sec
total size is 1976197  speedup is 95.63
